\BOOKMARK [0][-]{chapter.1}{\376\377\0001\000\040\000H\000i\000e\000r\000a\000r\000c\000h\000i\000c\000a\000l\000\040\000I\000n\000d\000e\000x}{}% 1
\BOOKMARK [1][-]{section.1.1}{\376\377\0001\000.\0001\000\040\000C\000l\000a\000s\000s\000\040\000H\000i\000e\000r\000a\000r\000c\000h\000y}{chapter.1}% 2
\BOOKMARK [0][-]{chapter.2}{\376\377\0002\000\040\000C\000l\000a\000s\000s\000\040\000I\000n\000d\000e\000x}{}% 3
\BOOKMARK [1][-]{section.2.1}{\376\377\0002\000.\0001\000\040\000C\000l\000a\000s\000s\000\040\000L\000i\000s\000t}{chapter.2}% 4
\BOOKMARK [0][-]{chapter.3}{\376\377\0003\000\040\000F\000i\000l\000e\000\040\000I\000n\000d\000e\000x}{}% 5
\BOOKMARK [1][-]{section.3.1}{\376\377\0003\000.\0001\000\040\000F\000i\000l\000e\000\040\000L\000i\000s\000t}{chapter.3}% 6
\BOOKMARK [0][-]{chapter.4}{\376\377\0004\000\040\000C\000l\000a\000s\000s\000\040\000D\000o\000c\000u\000m\000e\000n\000t\000a\000t\000i\000o\000n}{}% 7
\BOOKMARK [1][-]{section.4.1}{\376\377\0004\000.\0001\000\040\000i\000t\000e\000m\000c\000a\000r\000r\000i\000t\000o\000\040\000C\000l\000a\000s\000s\000\040\000R\000e\000f\000e\000r\000e\000n\000c\000e}{chapter.4}% 8
\BOOKMARK [2][-]{subsection.4.1.1}{\376\377\0004\000.\0001\000.\0001\000\040\000D\000e\000t\000a\000i\000l\000e\000d\000\040\000D\000e\000s\000c\000r\000i\000p\000t\000i\000o\000n}{section.4.1}% 9
\BOOKMARK [2][-]{subsection.4.1.2}{\376\377\0004\000.\0001\000.\0002\000\040\000C\000o\000n\000s\000t\000r\000u\000c\000t\000o\000r\000\040\000\046\000\040\000D\000e\000s\000t\000r\000u\000c\000t\000o\000r\000\040\000D\000o\000c\000u\000m\000e\000n\000t\000a\000t\000i\000o\000n}{section.4.1}% 10
\BOOKMARK [3][-]{subsubsection.4.1.2.1}{\376\377\0004\000.\0001\000.\0002\000.\0001\000\040\000i\000t\000e\000m\000c\000a\000r\000r\000i\000t\000o\000\050\000\051\000\040\000[\0001\000/\0002\000]}{subsection.4.1.2}% 11
\BOOKMARK [3][-]{subsubsection.4.1.2.2}{\376\377\0004\000.\0001\000.\0002\000.\0002\000\040\000i\000t\000e\000m\000c\000a\000r\000r\000i\000t\000o\000\050\000\051\000\040\000[\0002\000/\0002\000]}{subsection.4.1.2}% 12
\BOOKMARK [2][-]{subsection.4.1.3}{\376\377\0004\000.\0001\000.\0003\000\040\000M\000e\000m\000b\000e\000r\000\040\000F\000u\000n\000c\000t\000i\000o\000n\000\040\000D\000o\000c\000u\000m\000e\000n\000t\000a\000t\000i\000o\000n}{section.4.1}% 13
\BOOKMARK [3][-]{subsubsection.4.1.3.1}{\376\377\0004\000.\0001\000.\0003\000.\0001\000\040\000a\000g\000r\000e\000g\000a\000r\000A\000l\000C\000a\000r\000r\000i\000t\000o\000\050\000\051}{subsection.4.1.3}% 14
\BOOKMARK [3][-]{subsubsection.4.1.3.2}{\376\377\0004\000.\0001\000.\0003\000.\0002\000\040\000e\000l\000i\000m\000i\000n\000a\000r\000P\000r\000o\000d\000u\000c\000t\000o\000\050\000\051}{subsection.4.1.3}% 15
\BOOKMARK [3][-]{subsubsection.4.1.3.3}{\376\377\0004\000.\0001\000.\0003\000.\0003\000\040\000g\000e\000t\000C\000a\000n\000t\000i\000d\000a\000d\000\050\000\051}{subsection.4.1.3}% 16
\BOOKMARK [3][-]{subsubsection.4.1.3.4}{\376\377\0004\000.\0001\000.\0003\000.\0004\000\040\000g\000e\000t\000P\000r\000o\000d\000u\000c\000t\000o\000\050\000\051}{subsection.4.1.3}% 17
\BOOKMARK [3][-]{subsubsection.4.1.3.5}{\376\377\0004\000.\0001\000.\0003\000.\0005\000\040\000g\000e\000t\000T\000o\000t\000a\000l\000\050\000\051}{subsection.4.1.3}% 18
\BOOKMARK [3][-]{subsubsection.4.1.3.6}{\376\377\0004\000.\0001\000.\0003\000.\0006\000\040\000m\000o\000s\000t\000r\000a\000r\000C\000a\000r\000r\000i\000t\000o\000\050\000\051}{subsection.4.1.3}% 19
\BOOKMARK [1][-]{section.4.2}{\376\377\0004\000.\0002\000\040\000p\000r\000o\000d\000u\000c\000t\000o\000\040\000C\000l\000a\000s\000s\000\040\000R\000e\000f\000e\000r\000e\000n\000c\000e}{chapter.4}% 20
\BOOKMARK [2][-]{subsection.4.2.1}{\376\377\0004\000.\0002\000.\0001\000\040\000D\000e\000t\000a\000i\000l\000e\000d\000\040\000D\000e\000s\000c\000r\000i\000p\000t\000i\000o\000n}{section.4.2}% 21
\BOOKMARK [2][-]{subsection.4.2.2}{\376\377\0004\000.\0002\000.\0002\000\040\000C\000o\000n\000s\000t\000r\000u\000c\000t\000o\000r\000\040\000\046\000\040\000D\000e\000s\000t\000r\000u\000c\000t\000o\000r\000\040\000D\000o\000c\000u\000m\000e\000n\000t\000a\000t\000i\000o\000n}{section.4.2}% 22
\BOOKMARK [3][-]{subsubsection.4.2.2.1}{\376\377\0004\000.\0002\000.\0002\000.\0001\000\040\000p\000r\000o\000d\000u\000c\000t\000o\000\050\000\051}{subsection.4.2.2}% 23
\BOOKMARK [2][-]{subsection.4.2.3}{\376\377\0004\000.\0002\000.\0003\000\040\000M\000e\000m\000b\000e\000r\000\040\000F\000u\000n\000c\000t\000i\000o\000n\000\040\000D\000o\000c\000u\000m\000e\000n\000t\000a\000t\000i\000o\000n}{section.4.2}% 24
\BOOKMARK [3][-]{subsubsection.4.2.3.1}{\376\377\0004\000.\0002\000.\0003\000.\0001\000\040\000g\000e\000t\000N\000o\000m\000b\000r\000e\000s\000\050\000\051}{subsection.4.2.3}% 25
\BOOKMARK [3][-]{subsubsection.4.2.3.2}{\376\377\0004\000.\0002\000.\0003\000.\0002\000\040\000g\000e\000t\000P\000r\000e\000c\000i\000o\000s\000\050\000\051}{subsection.4.2.3}% 26
\BOOKMARK [3][-]{subsubsection.4.2.3.3}{\376\377\0004\000.\0002\000.\0003\000.\0003\000\040\000m\000o\000s\000t\000r\000a\000r\000\050\000\051}{subsection.4.2.3}% 27
\BOOKMARK [2][-]{subsection.4.2.4}{\376\377\0004\000.\0002\000.\0004\000\040\000M\000e\000m\000b\000e\000r\000\040\000D\000a\000t\000a\000\040\000D\000o\000c\000u\000m\000e\000n\000t\000a\000t\000i\000o\000n}{section.4.2}% 28
\BOOKMARK [3][-]{subsubsection.4.2.4.1}{\376\377\0004\000.\0002\000.\0004\000.\0001\000\040\000c\000a\000n\000t\000i\000d\000a\000d}{subsection.4.2.4}% 29
\BOOKMARK [3][-]{subsubsection.4.2.4.2}{\376\377\0004\000.\0002\000.\0004\000.\0002\000\040\000n\000o\000m\000b\000r\000e\000s}{subsection.4.2.4}% 30
\BOOKMARK [3][-]{subsubsection.4.2.4.3}{\376\377\0004\000.\0002\000.\0004\000.\0003\000\040\000p\000r\000e\000c\000i\000o\000s}{subsection.4.2.4}% 31
\BOOKMARK [1][-]{section.4.3}{\376\377\0004\000.\0003\000\040\000U\000s\000u\000a\000r\000i\000o\000\040\000C\000l\000a\000s\000s\000\040\000R\000e\000f\000e\000r\000e\000n\000c\000e}{chapter.4}% 32
\BOOKMARK [2][-]{subsection.4.3.1}{\376\377\0004\000.\0003\000.\0001\000\040\000D\000e\000t\000a\000i\000l\000e\000d\000\040\000D\000e\000s\000c\000r\000i\000p\000t\000i\000o\000n}{section.4.3}% 33
\BOOKMARK [2][-]{subsection.4.3.2}{\376\377\0004\000.\0003\000.\0002\000\040\000C\000o\000n\000s\000t\000r\000u\000c\000t\000o\000r\000\040\000\046\000\040\000D\000e\000s\000t\000r\000u\000c\000t\000o\000r\000\040\000D\000o\000c\000u\000m\000e\000n\000t\000a\000t\000i\000o\000n}{section.4.3}% 34
\BOOKMARK [3][-]{subsubsection.4.3.2.1}{\376\377\0004\000.\0003\000.\0002\000.\0001\000\040\000U\000s\000u\000a\000r\000i\000o\000\050\000\051}{subsection.4.3.2}% 35
\BOOKMARK [2][-]{subsection.4.3.3}{\376\377\0004\000.\0003\000.\0003\000\040\000M\000e\000m\000b\000e\000r\000\040\000F\000u\000n\000c\000t\000i\000o\000n\000\040\000D\000o\000c\000u\000m\000e\000n\000t\000a\000t\000i\000o\000n}{section.4.3}% 36
\BOOKMARK [3][-]{subsubsection.4.3.3.1}{\376\377\0004\000.\0003\000.\0003\000.\0001\000\040\000g\000e\000t\000N\000o\000m\000b\000r\000e\000\050\000\051}{subsection.4.3.3}% 37
\BOOKMARK [3][-]{subsubsection.4.3.3.2}{\376\377\0004\000.\0003\000.\0003\000.\0002\000\040\000g\000u\000a\000r\000d\000a\000r\000C\000o\000m\000p\000r\000a\000\050\000\051}{subsection.4.3.3}% 38
\BOOKMARK [3][-]{subsubsection.4.3.3.3}{\376\377\0004\000.\0003\000.\0003\000.\0003\000\040\000m\000o\000s\000t\000r\000a\000r\000H\000i\000s\000t\000o\000r\000i\000a\000l\000\050\000\051}{subsection.4.3.3}% 39
\BOOKMARK [0][-]{chapter.5}{\376\377\0005\000\040\000F\000i\000l\000e\000\040\000D\000o\000c\000u\000m\000e\000n\000t\000a\000t\000i\000o\000n}{}% 40
\BOOKMARK [1][-]{section.5.1}{\376\377\0005\000.\0001\000\040\000i\000n\000c\000l\000u\000d\000e\000/\000i\000t\000e\000m\000c\000a\000r\000r\000i\000t\000o\000.\000h\000\040\000F\000i\000l\000e\000\040\000R\000e\000f\000e\000r\000e\000n\000c\000e}{chapter.5}% 41
\BOOKMARK [2][-]{subsection.5.1.1}{\376\377\0005\000.\0001\000.\0001\000\040\000D\000e\000t\000a\000i\000l\000e\000d\000\040\000D\000e\000s\000c\000r\000i\000p\000t\000i\000o\000n}{section.5.1}% 42
\BOOKMARK [1][-]{section.5.2}{\376\377\0005\000.\0002\000\040\000i\000t\000e\000m\000c\000a\000r\000r\000i\000t\000o\000.\000h}{chapter.5}% 43
\BOOKMARK [1][-]{section.5.3}{\376\377\0005\000.\0003\000\040\000i\000n\000c\000l\000u\000d\000e\000/\000p\000r\000o\000d\000u\000c\000t\000o\000.\000h\000\040\000F\000i\000l\000e\000\040\000R\000e\000f\000e\000r\000e\000n\000c\000e}{chapter.5}% 44
\BOOKMARK [2][-]{subsection.5.3.1}{\376\377\0005\000.\0003\000.\0001\000\040\000D\000e\000t\000a\000i\000l\000e\000d\000\040\000D\000e\000s\000c\000r\000i\000p\000t\000i\000o\000n}{section.5.3}% 45
\BOOKMARK [1][-]{section.5.4}{\376\377\0005\000.\0004\000\040\000p\000r\000o\000d\000u\000c\000t\000o\000.\000h}{chapter.5}% 46
\BOOKMARK [1][-]{section.5.5}{\376\377\0005\000.\0005\000\040\000i\000n\000c\000l\000u\000d\000e\000/\000u\000s\000u\000a\000r\000i\000o\000.\000h\000\040\000F\000i\000l\000e\000\040\000R\000e\000f\000e\000r\000e\000n\000c\000e}{chapter.5}% 47
\BOOKMARK [2][-]{subsection.5.5.1}{\376\377\0005\000.\0005\000.\0001\000\040\000D\000e\000t\000a\000i\000l\000e\000d\000\040\000D\000e\000s\000c\000r\000i\000p\000t\000i\000o\000n}{section.5.5}% 48
\BOOKMARK [1][-]{section.5.6}{\376\377\0005\000.\0006\000\040\000u\000s\000u\000a\000r\000i\000o\000.\000h}{chapter.5}% 49
\BOOKMARK [1][-]{section.5.7}{\376\377\0005\000.\0007\000\040\000s\000r\000c\000/\000i\000t\000e\000m\000c\000a\000r\000r\000i\000t\000o\000.\000c\000p\000p\000\040\000F\000i\000l\000e\000\040\000R\000e\000f\000e\000r\000e\000n\000c\000e}{chapter.5}% 50
\BOOKMARK [2][-]{subsection.5.7.1}{\376\377\0005\000.\0007\000.\0001\000\040\000D\000e\000t\000a\000i\000l\000e\000d\000\040\000D\000e\000s\000c\000r\000i\000p\000t\000i\000o\000n}{section.5.7}% 51
\BOOKMARK [1][-]{section.5.8}{\376\377\0005\000.\0008\000\040\000s\000r\000c\000/\000m\000a\000i\000n\000.\000c\000p\000p\000\040\000F\000i\000l\000e\000\040\000R\000e\000f\000e\000r\000e\000n\000c\000e}{chapter.5}% 52
\BOOKMARK [2][-]{subsection.5.8.1}{\376\377\0005\000.\0008\000.\0001\000\040\000D\000e\000t\000a\000i\000l\000e\000d\000\040\000D\000e\000s\000c\000r\000i\000p\000t\000i\000o\000n}{section.5.8}% 53
\BOOKMARK [2][-]{subsection.5.8.2}{\376\377\0005\000.\0008\000.\0002\000\040\000F\000u\000n\000c\000t\000i\000o\000n\000\040\000D\000o\000c\000u\000m\000e\000n\000t\000a\000t\000i\000o\000n}{section.5.8}% 54
\BOOKMARK [3][-]{subsubsection.5.8.2.1}{\376\377\0005\000.\0008\000.\0002\000.\0001\000\040\000m\000a\000i\000n\000\050\000\051}{subsection.5.8.2}% 55
\BOOKMARK [1][-]{section.5.9}{\376\377\0005\000.\0009\000\040\000s\000r\000c\000/\000p\000r\000o\000d\000u\000c\000t\000o\000.\000c\000p\000p\000\040\000F\000i\000l\000e\000\040\000R\000e\000f\000e\000r\000e\000n\000c\000e}{chapter.5}% 56
\BOOKMARK [2][-]{subsection.5.9.1}{\376\377\0005\000.\0009\000.\0001\000\040\000D\000e\000t\000a\000i\000l\000e\000d\000\040\000D\000e\000s\000c\000r\000i\000p\000t\000i\000o\000n}{section.5.9}% 57
\BOOKMARK [1][-]{section.5.10}{\376\377\0005\000.\0001\0000\000\040\000s\000r\000c\000/\000u\000s\000u\000a\000r\000i\000o\000.\000c\000p\000p\000\040\000F\000i\000l\000e\000\040\000R\000e\000f\000e\000r\000e\000n\000c\000e}{chapter.5}% 58
\BOOKMARK [2][-]{subsection.5.10.1}{\376\377\0005\000.\0001\0000\000.\0001\000\040\000D\000e\000t\000a\000i\000l\000e\000d\000\040\000D\000e\000s\000c\000r\000i\000p\000t\000i\000o\000n}{section.5.10}% 59
\BOOKMARK [0][-]{section*.37}{\376\377\000I\000n\000d\000e\000x}{}% 60
